0 info it worked if it ends with ok
1 verbose cli [ 'C:\\Program Files\\nodejs\\node.exe',
1 verbose cli   'C:\\Program Files\\nodejs\\node_modules\\npm\\bin\\npm-cli.js',
1 verbose cli   'run',
1 verbose cli   'dev:webpack' ]
2 info using npm@3.10.3
3 info using node@v6.5.0
4 verbose run-script [ 'predev:webpack', 'dev:webpack', 'postdev:webpack' ]
5 info lifecycle ran-frame@0.1.0~predev:webpack: ran-frame@0.1.0
6 silly lifecycle ran-frame@0.1.0~predev:webpack: no script for predev:webpack, continuing
7 info lifecycle ran-frame@0.1.0~dev:webpack: ran-frame@0.1.0
8 verbose lifecycle ran-frame@0.1.0~dev:webpack: unsafe-perm in lifecycle true
9 verbose lifecycle ran-frame@0.1.0~dev:webpack: PATH: C:\Program Files\nodejs\node_modules\npm\bin\node-gyp-bin;C:\Users\idoran\Documents\dev\SmartFrame2\src\node_modules\.bin;C:\Program Files\nodejs;C:\Program Files\nodejs\node_modules\npm\bin\node-gyp-bin;C:\Users\idoran\Documents\dev\SmartFrame2\src\node_modules\.bin;C:\Program Files\nodejs;C:\Users\idoran\bin;C:\Program Files\Git\usr\local\bin;C:\Program Files\Git\usr\bin;C:\Program Files\Git\usr\bin;C:\WINDOWS\system32;C:\WINDOWS;C:\WINDOWS\System32\Wbem;C:\WINDOWS\System32\WindowsPowerShell\v1.0;C:\Program Files\Git\cmd;C:\Program Files (x86)\GitExtensions;C:\Program Files\nodejs;C:\Go\bin;C:\Program Files (x86)\Google\Cloud SDK\google-cloud-sdk\bin;C:\Python27;C:\Program Files\Microsoft SQL Server\120\Tools\Binn;C:\Program Files\Microsoft SQL Server\130\Tools\Binn;C:\Program Files (x86)\Microsoft Visual Studio 14.0\VC\bin;C:\Program Files (x86)\Yarn\bin;C:\Program Files\Java\jre1.8.0_111\bin;C:\Program Files\Microsoft\Web Platform Installer;C:\Program Files\dotnet;C:\Program Files (x86)\Elm Platform\0.17.1\bin;C:\Users\idoran\AppData\Local\atom\bin;C:\Users\idoran\AppData\Roaming\npm;C:\Users\idoran\AppData\Local\Microsoft\WindowsApps;C:\Program Files\Git\usr\bin;C:\Program Files\Git\usr\bin\vendor_perl;C:\Program Files\Git\usr\bin\core_perl
10 verbose lifecycle ran-frame@0.1.0~dev:webpack: CWD: C:\Users\idoran\Documents\dev\SmartFrame2\src
11 silly lifecycle ran-frame@0.1.0~dev:webpack: Args: [ '/d /s /c', 'cd client && npm start' ]
12 silly lifecycle ran-frame@0.1.0~dev:webpack: Returned: code: 1  signal: null
13 info lifecycle ran-frame@0.1.0~dev:webpack: Failed to exec dev:webpack script
14 verbose stack Error: ran-frame@0.1.0 dev:webpack: `cd client && npm start`
14 verbose stack Exit status 1
14 verbose stack     at EventEmitter.<anonymous> (C:\Program Files\nodejs\node_modules\npm\lib\utils\lifecycle.js:242:16)
14 verbose stack     at emitTwo (events.js:106:13)
14 verbose stack     at EventEmitter.emit (events.js:191:7)
14 verbose stack     at ChildProcess.<anonymous> (C:\Program Files\nodejs\node_modules\npm\lib\utils\spawn.js:40:14)
14 verbose stack     at emitTwo (events.js:106:13)
14 verbose stack     at ChildProcess.emit (events.js:191:7)
14 verbose stack     at maybeClose (internal/child_process.js:877:16)
14 verbose stack     at Process.ChildProcess._handle.onexit (internal/child_process.js:226:5)
15 verbose pkgid ran-frame@0.1.0
16 verbose cwd C:\Users\idoran\Documents\dev\SmartFrame2\src
17 error Windows_NT 10.0.14393
18 error argv "C:\\Program Files\\nodejs\\node.exe" "C:\\Program Files\\nodejs\\node_modules\\npm\\bin\\npm-cli.js" "run" "dev:webpack"
19 error node v6.5.0
20 error npm  v3.10.3
21 error code ELIFECYCLE
22 error ran-frame@0.1.0 dev:webpack: `cd client && npm start`
22 error Exit status 1
23 error Failed at the ran-frame@0.1.0 dev:webpack script 'cd client && npm start'.
23 error Make sure you have the latest version of node.js and npm installed.
23 error If you do, this is most likely a problem with the ran-frame package,
23 error not with npm itself.
23 error Tell the author that this fails on your system:
23 error     cd client && npm start
23 error You can get information on how to open an issue for this project with:
23 error     npm bugs ran-frame
23 error Or if that isn't available, you can get their info via:
23 error     npm owner ls ran-frame
23 error There is likely additional logging output above.
24 verbose exit [ 1, true ]
